This is pdfTeX, Version 3.14159265-2.6-1.40.15 (TeX Live 2014) (preloaded format=pdflatex 2014.5.25)  10 APR 2015 13:01
entering extended mode
 restricted \write18 enabled.
 file:line:error style messages enabled.
 %&-line parsing enabled.
**thesis_master_template.tex
(./thesis_master_template.tex
LaTeX2e <2014/05/01>
Babel <3.9k> and hyphenation patterns for 78 languages loaded.
(/usr/local/texlive/2014/texmf-dist/tex/latex/base/book.cls
Document Class: book 2007/10/19 v1.4h Standard LaTeX document class
(/usr/local/texlive/2014/texmf-dist/tex/latex/base/bk12.clo
File: bk12.clo 2007/10/19 v1.4h Standard LaTeX file (size option)
)
\c@part=\count79
\c@chapter=\count80
\c@section=\count81
\c@subsection=\count82
\c@subsubsection=\count83
\c@paragraph=\count84
\c@subparagraph=\count85
\c@figure=\count86
\c@table=\count87
\abovecaptionskip=\skip41
\belowcaptionskip=\skip42
\bibindent=\dimen102
)
(/usr/local/texlive/2014/texmf-dist/tex/latex/fancyhdr/fancyhdr.sty
\fancy@headwidth=\skip43
\f@ncyO@elh=\skip44
\f@ncyO@erh=\skip45
\f@ncyO@olh=\skip46
\f@ncyO@orh=\skip47
\f@ncyO@elf=\skip48
\f@ncyO@erf=\skip49
\f@ncyO@olf=\skip50
\f@ncyO@orf=\skip51
)
(/usr/local/texlive/2014/texmf-dist/tex/latex/geometry/geometry.sty
Package: geometry 2010/09/12 v5.6 Page Geometry

(/usr/local/texlive/2014/texmf-dist/tex/latex/graphics/keyval.sty
Package: keyval 2014/05/08 v1.15 key=value parser (DPC)
\KV@toks@=\toks14
)
(/usr/local/texlive/2014/texmf-dist/tex/generic/oberdiek/ifpdf.sty
Package: ifpdf 2011/01/30 v2.3 Provides the ifpdf switch (HO)
Package ifpdf Info: pdfTeX in PDF mode is detected.
)
(/usr/local/texlive/2014/texmf-dist/tex/generic/oberdiek/ifvtex.sty
Package: ifvtex 2010/03/01 v1.5 Detect VTeX and its facilities (HO)
Package ifvtex Info: VTeX not detected.
)
(/usr/local/texlive/2014/texmf-dist/tex/generic/ifxetex/ifxetex.sty
Package: ifxetex 2010/09/12 v0.6 Provides ifxetex conditional
)
\Gm@cnth=\count88
\Gm@cntv=\count89
\c@Gm@tempcnt=\count90
\Gm@bindingoffset=\dimen103
\Gm@wd@mp=\dimen104
\Gm@odd@mp=\dimen105
\Gm@even@mp=\dimen106
\Gm@layoutwidth=\dimen107
\Gm@layoutheight=\dimen108
\Gm@layouthoffset=\dimen109
\Gm@layoutvoffset=\dimen110
\Gm@dimlist=\toks15
)
(/usr/local/texlive/2014/texmf-dist/tex/latex/graphics/graphicx.sty
Package: graphicx 2014/04/25 v1.0g Enhanced LaTeX Graphics (DPC,SPQR)

(/usr/local/texlive/2014/texmf-dist/tex/latex/graphics/graphics.sty
Package: graphics 2009/02/05 v1.0o Standard LaTeX Graphics (DPC,SPQR)

(/usr/local/texlive/2014/texmf-dist/tex/latex/graphics/trig.sty
Package: trig 1999/03/16 v1.09 sin cos tan (DPC)
)
(/usr/local/texlive/2014/texmf-dist/tex/latex/latexconfig/graphics.cfg
File: graphics.cfg 2010/04/23 v1.9 graphics configuration of TeX Live
)
Package graphics Info: Driver file: pdftex.def on input line 91.

(/usr/local/texlive/2014/texmf-dist/tex/latex/pdftex-def/pdftex.def
File: pdftex.def 2011/05/27 v0.06d Graphics/color for pdfTeX

(/usr/local/texlive/2014/texmf-dist/tex/generic/oberdiek/infwarerr.sty
Package: infwarerr 2010/04/08 v1.3 Providing info/warning/error messages (HO)
)
(/usr/local/texlive/2014/texmf-dist/tex/generic/oberdiek/ltxcmds.sty
Package: ltxcmds 2011/11/09 v1.22 LaTeX kernel commands for general use (HO)
)
\Gread@gobject=\count91
))
\Gin@req@height=\dimen111
\Gin@req@width=\dimen112
)
(/usr/local/texlive/2014/texmf-dist/tex/latex/oberdiek/epstopdf.sty
Package: epstopdf 2010/02/09 v2.5 Conversion with epstopdf on the fly (HO)

(/usr/local/texlive/2014/texmf-dist/tex/latex/oberdiek/epstopdf-base.sty
Package: epstopdf-base 2010/02/09 v2.5 Base part for package epstopdf

(/usr/local/texlive/2014/texmf-dist/tex/latex/oberdiek/grfext.sty
Package: grfext 2010/08/19 v1.1 Manage graphics extensions (HO)

(/usr/local/texlive/2014/texmf-dist/tex/generic/oberdiek/kvdefinekeys.sty
Package: kvdefinekeys 2011/04/07 v1.3 Define keys (HO)
))
(/usr/local/texlive/2014/texmf-dist/tex/latex/oberdiek/kvoptions.sty
Package: kvoptions 2011/06/30 v3.11 Key value format for package options (HO)

(/usr/local/texlive/2014/texmf-dist/tex/generic/oberdiek/kvsetkeys.sty
Package: kvsetkeys 2012/04/25 v1.16 Key value parser (HO)

(/usr/local/texlive/2014/texmf-dist/tex/generic/oberdiek/etexcmds.sty
Package: etexcmds 2011/02/16 v1.5 Avoid name clashes with e-TeX commands (HO)

(/usr/local/texlive/2014/texmf-dist/tex/generic/oberdiek/ifluatex.sty
Package: ifluatex 2010/03/01 v1.3 Provides the ifluatex switch (HO)
Package ifluatex Info: LuaTeX not detected.
)
Package etexcmds Info: Could not find \expanded.
(etexcmds)             That can mean that you are not using pdfTeX 1.50 or
(etexcmds)             that some package has redefined \expanded.
(etexcmds)             In the latter case, load this package earlier.
)))
(/usr/local/texlive/2014/texmf-dist/tex/generic/oberdiek/pdftexcmds.sty
Package: pdftexcmds 2011/11/29 v0.20 Utility functions of pdfTeX for LuaTeX (HO
)
Package pdftexcmds Info: LuaTeX not detected.
Package pdftexcmds Info: \pdf@primitive is available.
Package pdftexcmds Info: \pdf@ifprimitive is available.
Package pdftexcmds Info: \pdfdraftmode found.
)
Package grfext Info: Graphics extension search list:
(grfext)             [.png,.pdf,.jpg,.mps,.jpeg,.jbig2,.jb2,.PNG,.PDF,.JPG,.JPE
G,.JBIG2,.JB2,.eps]
(grfext)             \AppendGraphicsExtensions on input line 452.

(/usr/local/texlive/2014/texmf-dist/tex/latex/latexconfig/epstopdf-sys.cfg
File: epstopdf-sys.cfg 2010/07/13 v1.3 Configuration of (r)epstopdf for TeX Liv
e
)))
(/usr/local/texlive/2014/texmf-dist/tex/latex/graphics/lscape.sty
Package: lscape 2000/10/22 v3.01 Landscape Pages (DPC)
)
(/usr/local/texlive/2014/texmf-dist/tex/latex/setspace/setspace.sty
Package: setspace 2011/12/19 v6.7a set line spacing
)
(/usr/local/texlive/2014/texmf-dist/tex/latex/amsfonts/amssymb.sty
Package: amssymb 2013/01/14 v3.01 AMS font symbols

(/usr/local/texlive/2014/texmf-dist/tex/latex/amsfonts/amsfonts.sty
Package: amsfonts 2013/01/14 v3.01 Basic AMSFonts support
\@emptytoks=\toks16
\symAMSa=\mathgroup4
\symAMSb=\mathgroup5
LaTeX Font Info:    Overwriting math alphabet `\mathfrak' in version `bold'
(Font)                  U/euf/m/n --> U/euf/b/n on input line 106.
))
(/usr/local/texlive/2014/texmf-dist/tex/latex/amsmath/amsmath.sty
Package: amsmath 2013/01/14 v2.14 AMS math features
\@mathmargin=\skip52

For additional information on amsmath, use the `?' option.
(/usr/local/texlive/2014/texmf-dist/tex/latex/amsmath/amstext.sty
Package: amstext 2000/06/29 v2.01

(/usr/local/texlive/2014/texmf-dist/tex/latex/amsmath/amsgen.sty
File: amsgen.sty 1999/11/30 v2.0
\@emptytoks=\toks17
\ex@=\dimen113
))
(/usr/local/texlive/2014/texmf-dist/tex/latex/amsmath/amsbsy.sty
Package: amsbsy 1999/11/29 v1.2d
\pmbraise@=\dimen114
)
(/usr/local/texlive/2014/texmf-dist/tex/latex/amsmath/amsopn.sty
Package: amsopn 1999/12/14 v2.01 operator names
)
\inf@bad=\count92
LaTeX Info: Redefining \frac on input line 210.
\uproot@=\count93
\leftroot@=\count94
LaTeX Info: Redefining \overline on input line 306.
\classnum@=\count95
\DOTSCASE@=\count96
LaTeX Info: Redefining \ldots on input line 378.
LaTeX Info: Redefining \dots on input line 381.
LaTeX Info: Redefining \cdots on input line 466.
\Mathstrutbox@=\box26
\strutbox@=\box27
\big@size=\dimen115
LaTeX Font Info:    Redeclaring font encoding OML on input line 566.
LaTeX Font Info:    Redeclaring font encoding OMS on input line 567.
\macc@depth=\count97
\c@MaxMatrixCols=\count98
\dotsspace@=\muskip10
\c@parentequation=\count99
\dspbrk@lvl=\count100
\tag@help=\toks18
\row@=\count101
\column@=\count102
\maxfields@=\count103
\andhelp@=\toks19
\eqnshift@=\dimen116
\alignsep@=\dimen117
\tagshift@=\dimen118
\tagwidth@=\dimen119
\totwidth@=\dimen120
\lineht@=\dimen121
\@envbody=\toks20
\multlinegap=\skip53
\multlinetaggap=\skip54
\mathdisplay@stack=\toks21
LaTeX Info: Redefining \[ on input line 2665.
LaTeX Info: Redefining \] on input line 2666.
)
(/usr/local/texlive/2014/texmf-dist/tex/latex/wasysym/wasysym.sty
Package: wasysym 2003/10/30 v2.0 Wasy-2 symbol support package
\symwasy=\mathgroup6
LaTeX Font Info:    Overwriting symbol font `wasy' in version `bold'
(Font)                  U/wasy/m/n --> U/wasy/b/n on input line 90.
)
(/usr/local/texlive/2014/texmf-dist/tex/latex/moreverb/moreverb.sty
Package: moreverb 2008/06/03 v2.3a `more' verbatim facilities

(/usr/local/texlive/2014/texmf-dist/tex/latex/tools/verbatim.sty
Package: verbatim 2003/08/22 v1.5q LaTeX2e package for verbatim enhancements
\every@verbatim=\toks22
\verbatim@line=\toks23
\verbatim@in@stream=\read1
)
\tab@position=\count104
\tab@size=\count105
\listing@line=\count106
)
(/usr/local/texlive/2014/texmf-dist/tex/latex/natbib/natbib.sty
Package: natbib 2010/09/13 8.31b (PWD, AO)
\bibhang=\skip55
\bibsep=\skip56
LaTeX Info: Redefining \cite on input line 694.
\c@NAT@ctr=\count107
)
(/usr/local/texlive/2014/texmf-dist/tex/latex/titlesec/titlesec.sty
Package: titlesec 2011/12/15 v2.10.0 Sectioning titles
\ttl@box=\box28
\beforetitleunit=\skip57
\aftertitleunit=\skip58
\ttl@plus=\dimen122
\ttl@minus=\dimen123
\ttl@toksa=\toks24
\titlewidth=\dimen124
\titlewidthlast=\dimen125
\titlewidthfirst=\dimen126
)
(/usr/local/texlive/2014/texmf-dist/tex/latex/tools/longtable.sty
Package: longtable 2004/02/01 v4.11 Multi-page Table package (DPC)
\LTleft=\skip59
\LTright=\skip60
\LTpre=\skip61
\LTpost=\skip62
\LTchunksize=\count108
\LTcapwidth=\dimen127
\LT@head=\box29
\LT@firsthead=\box30
\LT@foot=\box31
\LT@lastfoot=\box32
\LT@cols=\count109
\LT@rows=\count110
\c@LT@tables=\count111
\c@LT@chunks=\count112
\LT@p@ftn=\toks25
)
(/usr/local/texlive/2014/texmf-dist/tex/latex/multirow/multirow.sty
\bigstrutjot=\dimen128
)
(/usr/local/texlive/2014/texmf-dist/tex/latex/tools/multicol.sty
Package: multicol 2014/04/23 v1.8e multicolumn formatting (FMi)
\c@tracingmulticols=\count113
\mult@box=\box33
\multicol@leftmargin=\dimen129
\c@unbalance=\count114
\c@collectmore=\count115
\doublecol@number=\count116
\multicoltolerance=\count117
\multicolpretolerance=\count118
\full@width=\dimen130
\page@free=\dimen131
\premulticols=\dimen132
\postmulticols=\dimen133
\multicolsep=\skip63
\multicolbaselineskip=\skip64
\partial@page=\box34
\last@line=\box35
\maxbalancingoverflow=\dimen134
\mult@rightbox=\box36
\mult@grightbox=\box37
\mult@gfirstbox=\box38
\mult@firstbox=\box39
\@tempa=\box40
\@tempa=\box41
\@tempa=\box42
\@tempa=\box43
\@tempa=\box44
\@tempa=\box45
\@tempa=\box46
\@tempa=\box47
\@tempa=\box48
\@tempa=\box49
\@tempa=\box50
\@tempa=\box51
\@tempa=\box52
\@tempa=\box53
\@tempa=\box54
\@tempa=\box55
\@tempa=\box56
\c@columnbadness=\count119
\c@finalcolumnbadness=\count120
\last@try=\dimen135
\multicolovershoot=\dimen136
\multicolundershoot=\dimen137
\mult@nat@firstbox=\box57
\colbreak@box=\box58
\mc@col@check@num=\count121
)
(/usr/local/texlive/2014/texmf-dist/tex/latex/base/alltt.sty
Package: alltt 1997/06/16 v2.0g defines alltt environment
)
(/usr/local/texlive/2014/texmf-dist/tex/latex/here/here.sty)
(/usr/local/texlive/2014/texmf-dist/tex/latex/float/float.sty
Package: float 2001/11/08 v1.3d Float enhancements (AL)
\c@float@type=\count122
\float@exts=\toks26
\float@box=\box59
\@float@everytoks=\toks27
\@floatcapt=\box60
)
(/usr/local/texlive/2014/texmf-dist/tex/latex/tools/indentfirst.sty
Package: indentfirst 1995/11/23 v1.03 Indent first paragraph (DPC)
)
(/usr/local/texlive/2014/texmf-dist/tex/latex/base/ifthen.sty
Package: ifthen 2001/05/26 v1.1c Standard LaTeX ifthen package (DPC)
)
(/usr/local/texlive/2014/texmf-dist/tex/latex/l3packages/xfrac/xfrac.sty
(/usr/local/texlive/2014/texmf-dist/tex/latex/l3packages/l3keys2e/l3keys2e.sty
(/usr/local/texlive/2014/texmf-dist/tex/latex/l3kernel/expl3.sty
Package: expl3 2014/05/20 v4814 L3 programming layer (loader) 

(/usr/local/texlive/2014/texmf-dist/tex/latex/l3kernel/expl3-code.tex
Package: expl3 2014/05/20 v4814 L3 programming layer (code) 
L3 Module: l3bootstrap 2014/05/16 v4782 L3 Bootstrap code

(/usr/local/texlive/2014/texmf-dist/tex/latex/etex-pkg/etex.sty
Package: etex 1998/03/26 v2.0 eTeX basic definition package (PEB)
\et@xins=\count123
)
L3 Module: l3names 2014/05/04 v4728 L3 Namespace for primitives
L3 Module: l3basics 2014/05/04 v4728 L3 Basic definitions
L3 Module: l3expan 2014/04/30 v4712 L3 Argument expansion
L3 Module: l3tl 2014/05/04 v4728 L3 Token lists
L3 Module: l3seq 2014/04/30 v4712 L3 Sequences and stacks
L3 Module: l3int 2014/05/16 v4776 L3 Integers
\c_max_int=\count124
\l_tmpa_int=\count125
\l_tmpb_int=\count126
\g_tmpa_int=\count127
\g_tmpb_int=\count128
L3 Module: l3quark 2014/05/04 v4728 L3 Quarks
L3 Module: l3prg 2014/05/04 v4728 L3 Control structures
\g__prg_map_int=\count129
L3 Module: l3clist 2014/05/04 v4728 L3 Comma separated lists
L3 Module: l3token 2014/05/04 v4728 L3 Experimental token manipulation
L3 Module: l3prop 2014/04/30 v4712 L3 Property lists
L3 Module: l3msg 2014/05/04 v4728 L3 Messages
L3 Module: l3file 2014/05/05 v4737 L3 File and I/O operations
\l_iow_line_count_int=\count130
\l__iow_target_count_int=\count131
\l__iow_current_line_int=\count132
\l__iow_current_word_int=\count133
\l__iow_current_indentation_int=\count134
L3 Module: l3skip 2014/05/05 v4738 L3 Dimensions and skips
\c_zero_dim=\dimen138
\c_max_dim=\dimen139
\l_tmpa_dim=\dimen140
\l_tmpb_dim=\dimen141
\g_tmpa_dim=\dimen142
\g_tmpb_dim=\dimen143
\c_zero_skip=\skip65
\c_max_skip=\skip66
\l_tmpa_skip=\skip67
\l_tmpb_skip=\skip68
\g_tmpa_skip=\skip69
\g_tmpb_skip=\skip70
\c_zero_muskip=\muskip11
\c_max_muskip=\muskip12
\l_tmpa_muskip=\muskip13
\l_tmpb_muskip=\muskip14
\g_tmpa_muskip=\muskip15
\g_tmpb_muskip=\muskip16
L3 Module: l3keys 2014/05/08 v4753 L3 Key-value interfaces
\g__keyval_level_int=\count135
\l_keys_choice_int=\count136
L3 Module: l3fp 2014/04/30 v4712 L3 Floating points
\c__fp_leading_shift_int=\count137
\c__fp_middle_shift_int=\count138
\c__fp_trailing_shift_int=\count139
\c__fp_big_leading_shift_int=\count140
\c__fp_big_middle_shift_int=\count141
\c__fp_big_trailing_shift_int=\count142
\c__fp_Bigg_leading_shift_int=\count143
\c__fp_Bigg_middle_shift_int=\count144
\c__fp_Bigg_trailing_shift_int=\count145
L3 Module: l3box 2014/05/04 v4728 L3 Experimental boxes
\c_empty_box=\box61
\l_tmpa_box=\box62
\l_tmpb_box=\box63
\g_tmpa_box=\box64
\g_tmpb_box=\box65
L3 Module: l3coffins 2014/05/04 v4728 L3 Coffin code layer
\l__coffin_internal_box=\box66
\l__coffin_internal_dim=\dimen144
\l__coffin_offset_x_dim=\dimen145
\l__coffin_offset_y_dim=\dimen146
\l__coffin_x_dim=\dimen147
\l__coffin_y_dim=\dimen148
\l__coffin_x_prime_dim=\dimen149
\l__coffin_y_prime_dim=\dimen150
\c_empty_coffin=\box67
\l__coffin_aligned_coffin=\box68
\l__coffin_aligned_internal_coffin=\box69
\l_tmpa_coffin=\box70
\l_tmpb_coffin=\box71
\l__coffin_display_coffin=\box72
\l__coffin_display_coord_coffin=\box73
\l__coffin_display_pole_coffin=\box74
\l__coffin_display_offset_dim=\dimen151
\l__coffin_display_x_dim=\dimen152
\l__coffin_display_y_dim=\dimen153
L3 Module: l3color 2014/04/30 v4712 L3 Experimental color support
L3 Module: l3luatex 2014/04/30 v4712 L3 Experimental LuaTeX-specific functions
\g__cctab_allocate_int=\count146
\g__cctab_stack_int=\count147
L3 Module: l3candidates 2014/05/04 v4734 L3 Experimental additions to l3kernel
\l__box_top_dim=\dimen154
\l__box_bottom_dim=\dimen155
\l__box_left_dim=\dimen156
\l__box_right_dim=\dimen157
\l__box_top_new_dim=\dimen158
\l__box_bottom_new_dim=\dimen159
\l__box_left_new_dim=\dimen160
\l__box_right_new_dim=\dimen161
\l__box_internal_box=\box75
\l__coffin_bounding_shift_dim=\dimen162
\l__coffin_left_corner_dim=\dimen163
\l__coffin_right_corner_dim=\dimen164
\l__coffin_bottom_corner_dim=\dimen165
\l__coffin_top_corner_dim=\dimen166
\l__coffin_scaled_total_height_dim=\dimen167
\l__coffin_scaled_width_dim=\dimen168
))
Package: l3keys2e 2014/05/05 v4740 LaTeX2e option processing using LaTeX3 keys
)
(/usr/local/texlive/2014/texmf-dist/tex/latex/base/textcomp.sty
Package: textcomp 2005/09/27 v1.99g Standard LaTeX package
Package textcomp Info: Sub-encoding information:
(textcomp)               5 = only ISO-Adobe without \textcurrency
(textcomp)               4 = 5 + \texteuro
(textcomp)               3 = 4 + \textohm
(textcomp)               2 = 3 + \textestimated + \textcurrency
(textcomp)               1 = TS1 - \textcircled - \t
(textcomp)               0 = TS1 (full)
(textcomp)             Font families with sub-encoding setting implement
(textcomp)             only a restricted character set as indicated.
(textcomp)             Family '?' is the default used for unknown fonts.
(textcomp)             See the documentation for details.
Package textcomp Info: Setting ? sub-encoding to TS1/1 on input line 71.

(/usr/local/texlive/2014/texmf-dist/tex/latex/base/ts1enc.def
File: ts1enc.def 2001/06/05 v3.0e (jk/car/fm) Standard LaTeX file
)
LaTeX Info: Redefining \oldstylenums on input line 266.
Package textcomp Info: Setting cmr sub-encoding to TS1/0 on input line 281.
Package textcomp Info: Setting cmss sub-encoding to TS1/0 on input line 282.
Package textcomp Info: Setting cmtt sub-encoding to TS1/0 on input line 283.
Package textcomp Info: Setting cmvtt sub-encoding to TS1/0 on input line 284.
Package textcomp Info: Setting cmbr sub-encoding to TS1/0 on input line 285.
Package textcomp Info: Setting cmtl sub-encoding to TS1/0 on input line 286.
Package textcomp Info: Setting ccr sub-encoding to TS1/0 on input line 287.
Package textcomp Info: Setting ptm sub-encoding to TS1/4 on input line 288.
Package textcomp Info: Setting pcr sub-encoding to TS1/4 on input line 289.
Package textcomp Info: Setting phv sub-encoding to TS1/4 on input line 290.
Package textcomp Info: Setting ppl sub-encoding to TS1/3 on input line 291.
Package textcomp Info: Setting pag sub-encoding to TS1/4 on input line 292.
Package textcomp Info: Setting pbk sub-encoding to TS1/4 on input line 293.
Package textcomp Info: Setting pnc sub-encoding to TS1/4 on input line 294.
Package textcomp Info: Setting pzc sub-encoding to TS1/4 on input line 295.
Package textcomp Info: Setting bch sub-encoding to TS1/4 on input line 296.
Package textcomp Info: Setting put sub-encoding to TS1/5 on input line 297.
Package textcomp Info: Setting uag sub-encoding to TS1/5 on input line 298.
Package textcomp Info: Setting ugq sub-encoding to TS1/5 on input line 299.
Package textcomp Info: Setting ul8 sub-encoding to TS1/4 on input line 300.
Package textcomp Info: Setting ul9 sub-encoding to TS1/4 on input line 301.
Package textcomp Info: Setting augie sub-encoding to TS1/5 on input line 302.
Package textcomp Info: Setting dayrom sub-encoding to TS1/3 on input line 303.
Package textcomp Info: Setting dayroms sub-encoding to TS1/3 on input line 304.

Package textcomp Info: Setting pxr sub-encoding to TS1/0 on input line 305.
Package textcomp Info: Setting pxss sub-encoding to TS1/0 on input line 306.
Package textcomp Info: Setting pxtt sub-encoding to TS1/0 on input line 307.
Package textcomp Info: Setting txr sub-encoding to TS1/0 on input line 308.
Package textcomp Info: Setting txss sub-encoding to TS1/0 on input line 309.
Package textcomp Info: Setting txtt sub-encoding to TS1/0 on input line 310.
Package textcomp Info: Setting lmr sub-encoding to TS1/0 on input line 311.
Package textcomp Info: Setting lmdh sub-encoding to TS1/0 on input line 312.
Package textcomp Info: Setting lmss sub-encoding to TS1/0 on input line 313.
Package textcomp Info: Setting lmssq sub-encoding to TS1/0 on input line 314.
Package textcomp Info: Setting lmvtt sub-encoding to TS1/0 on input line 315.
Package textcomp Info: Setting qhv sub-encoding to TS1/0 on input line 316.
Package textcomp Info: Setting qag sub-encoding to TS1/0 on input line 317.
Package textcomp Info: Setting qbk sub-encoding to TS1/0 on input line 318.
Package textcomp Info: Setting qcr sub-encoding to TS1/0 on input line 319.
Package textcomp Info: Setting qcs sub-encoding to TS1/0 on input line 320.
Package textcomp Info: Setting qpl sub-encoding to TS1/0 on input line 321.
Package textcomp Info: Setting qtm sub-encoding to TS1/0 on input line 322.
Package textcomp Info: Setting qzc sub-encoding to TS1/0 on input line 323.
Package textcomp Info: Setting qhvc sub-encoding to TS1/0 on input line 324.
Package textcomp Info: Setting futs sub-encoding to TS1/4 on input line 325.
Package textcomp Info: Setting futx sub-encoding to TS1/4 on input line 326.
Package textcomp Info: Setting futj sub-encoding to TS1/4 on input line 327.
Package textcomp Info: Setting hlh sub-encoding to TS1/3 on input line 328.
Package textcomp Info: Setting hls sub-encoding to TS1/3 on input line 329.
Package textcomp Info: Setting hlst sub-encoding to TS1/3 on input line 330.
Package textcomp Info: Setting hlct sub-encoding to TS1/5 on input line 331.
Package textcomp Info: Setting hlx sub-encoding to TS1/5 on input line 332.
Package textcomp Info: Setting hlce sub-encoding to TS1/5 on input line 333.
Package textcomp Info: Setting hlcn sub-encoding to TS1/5 on input line 334.
Package textcomp Info: Setting hlcw sub-encoding to TS1/5 on input line 335.
Package textcomp Info: Setting hlcf sub-encoding to TS1/5 on input line 336.
Package textcomp Info: Setting pplx sub-encoding to TS1/3 on input line 337.
Package textcomp Info: Setting pplj sub-encoding to TS1/3 on input line 338.
Package textcomp Info: Setting ptmx sub-encoding to TS1/4 on input line 339.
Package textcomp Info: Setting ptmj sub-encoding to TS1/4 on input line 340.
)
(/usr/local/texlive/2014/texmf-dist/tex/latex/l3packages/xparse/xparse.sty
Package: xparse 2014/05/05 v4740 L3 Experimental document command parser
\l__xparse_current_arg_int=\count148
\l__xparse_m_args_int=\count149
\l__xparse_mandatory_args_int=\count150
\l__xparse_processor_int=\count151
\l__xparse_v_nesting_int=\count152
)
(/usr/local/texlive/2014/texmf-dist/tex/latex/l3packages/xtemplate/xtemplate.st
y
Package: xtemplate 2014/05/05 v4740 L3 Experimental prototype document function
s
\l__xtemplate_tmp_dim=\dimen169
\l__xtemplate_tmp_int=\count153
\l__xtemplate_tmp_muskip=\muskip17
\l__xtemplate_tmp_skip=\skip71
Variant \prop_get:NoNTF already defined; not changing it on line 106
Variant \prop_get:NoNT already defined; not changing it on line 107
Variant \prop_get:NoNF already defined; not changing it on line 108
)
Package: xfrac 2014/05/04 v4728 L3 Experimental split-level fractions
\l__xfrac_slash_box=\box76
\l__xfrac_tmp_box=\box77
\l__xfrac_denominator_bot_sep_dim=\dimen170
\l__xfrac_numerator_bot_sep_dim=\dimen171
\l__xfrac_numerator_top_sep_dim=\dimen172
\l__xfrac_slash_left_sep_dim=\dimen173
\l__xfrac_slash_right_sep_dim=\dimen174
\l__xfrac_slash_left_muskip=\muskip18
\l__xfrac_slash_right_muskip=\muskip19
.................................................
. xtemplate info: "declare-object-type"
. 
. Declaring object type 'xfrac' taking 3 argument(s) on line 96.
.................................................
.................................................
. LaTeX info: "xparse/define-command"
. 
. Defining document command \sfrac with arg. spec. 'omom' on line 436.
.................................................
) (/usr/local/texlive/2014/texmf-dist/tex/latex/relsize/relsize.sty
Package: relsize 2013/03/29 ver 4.1
)
(/usr/local/texlive/2014/texmf-dist/tex/latex/rotating/rotating.sty
Package: rotating 2009/03/28 v2.16a rotated objects in LaTeX
\c@r@tfl@t=\count154
\rotFPtop=\skip72
\rotFPbot=\skip73
\rot@float@box=\box78
\rot@mess@toks=\toks28
)
(/usr/local/texlive/2014/texmf-dist/tex/latex/caption/caption.sty
Package: caption 2013/05/02 v3.3-89 Customizing captions (AR)

(/usr/local/texlive/2014/texmf-dist/tex/latex/caption/caption3.sty
Package: caption3 2013/05/02 v1.6-88 caption3 kernel (AR)
Package caption3 Info: TeX engine: e-TeX on input line 57.
\captionmargin=\dimen175
\captionmargin@=\dimen176
\captionwidth=\dimen177
\caption@tempdima=\dimen178
\caption@indent=\dimen179
\caption@parindent=\dimen180
\caption@hangindent=\dimen181
)
\c@ContinuedFloat=\count155
Package caption Info: float package is loaded.
Package caption Info: longtable package is loaded.

(/usr/local/texlive/2014/texmf-dist/tex/latex/caption/ltcaption.sty
Package: ltcaption 2013/02/03 v1.3-62 longtable captions (AR)
)
Package caption Info: rotating package is loaded.
)
./thesis_master_template.tex:26: Illegal parameter number in definition of \ps@
plain.
<to be read again> 
                   1
l.26 \renewcommand{\footrulewidth}{0pt}}
                                        
? 
./thesis_master_template.tex:26: Illegal parameter number in definition of \ps@
plain.
<to be read again> 
                   2
l.26 \renewcommand{\footrulewidth}{0pt}}
                                        
? 
(./thesis_master_template.aux (./0_Epigraph.aux) (./0_Thanks.aux)
(./1_Introduction.aux) (./2_Observations.aux) (./3_Results.aux)
(./4_Analysis.aux

LaTeX Warning: Label `fig:49CET_BonusBeltSED_SED' multiply defined.


LaTeX Warning: Label `fig:49CET_BonusBeltSED_ModelResidual' multiply defined.


LaTeX Warning: Label `fig:49CET_DP_SED' multiply defined.


LaTeX Warning: Label `fig:49CET_DP_SED' multiply defined.

) (./5_Discussion.aux) (./6_Conclusions.aux))
\openout1 = `thesis_master_template.aux'.

LaTeX Font Info:    Checking defaults for OML/cmm/m/it on input line 113.
LaTeX Font Info:    ... okay on input line 113.
LaTeX Font Info:    Checking defaults for T1/cmr/m/n on input line 113.
LaTeX Font Info:    ... okay on input line 113.
LaTeX Font Info:    Checking defaults for OT1/cmr/m/n on input line 113.
LaTeX Font Info:    ... okay on input line 113.
LaTeX Font Info:    Checking defaults for OMS/cmsy/m/n on input line 113.
LaTeX Font Info:    ... okay on input line 113.
LaTeX Font Info:    Checking defaults for OMX/cmex/m/n on input line 113.
LaTeX Font Info:    ... okay on input line 113.
LaTeX Font Info:    Checking defaults for U/cmr/m/n on input line 113.
LaTeX Font Info:    ... okay on input line 113.
LaTeX Font Info:    Checking defaults for TS1/cmr/m/n on input line 113.
LaTeX Font Info:    Try loading font information for TS1+cmr on input line 113.


(/usr/local/texlive/2014/texmf-dist/tex/latex/base/ts1cmr.fd
File: ts1cmr.fd 1999/05/25 v2.5h Standard LaTeX font definitions
)
LaTeX Font Info:    ... okay on input line 113.

*geometry* driver: auto-detecting
*geometry* detected driver: pdftex
*geometry* verbose mode - [ preamble ] result:
* driver: pdftex
* paper: letterpaper
* layout: <same size as paper>
* layoutoffset:(h,v)=(0.0pt,0.0pt)
* modes: 
* h-part:(L,W,R)=(92.14519pt, 430.00462pt, 92.14519pt)
* v-part:(T,H,B)=(95.39737pt, 556.47656pt, 143.09605pt)
* \paperwidth=614.295pt
* \paperheight=794.96999pt
* \textwidth=415.55249pt
* \textheight=614.295pt
* \oddsidemargin=36.135pt
* \evensidemargin=36.135pt
* \topmargin=0.0pt
* \headheight=4.51686pt
* \headsep=19.8738pt
* \topskip=12.0pt
* \footskip=30.0pt
* \marginparwidth=47.0pt
* \marginparsep=7.0pt
* \columnsep=10.0pt
* \skip\footins=10.8pt plus 4.0pt minus 2.0pt
* \hoffset=0.0pt
* \voffset=0.0pt
* \mag=1000
* \@twocolumnfalse
* \@twosidefalse
* \@mparswitchfalse
* \@reversemarginfalse
* (1in=72.27pt=25.4mm, 1cm=28.453pt)

(/usr/local/texlive/2014/texmf-dist/tex/context/base/supp-pdf.mkii
[Loading MPS to PDF converter (version 2006.09.02).]
\scratchcounter=\count156
\scratchdimen=\dimen182
\scratchbox=\box79
\nofMPsegments=\count157
\nofMParguments=\count158
\everyMPshowfont=\toks29
\MPscratchCnt=\count159
\MPscratchDim=\dimen183
\MPnumerator=\count160
\makeMPintoPDFobject=\count161
\everyMPtoPDFconversion=\toks30
)
Package caption Info: Begin \AtBeginDocument code.
Package caption Info: End \AtBeginDocument code.
 [1



{/usr/local/texlive/2014/texmf-var/fonts/map/pdftex/updmap/pdftex.map}]
[2]
\openout2 = `0_Epigraph.aux'.

 (./0_Epigraph.tex
LaTeX Font Info:    Try loading font information for U+msa on input line 22.

(/usr/local/texlive/2014/texmf-dist/tex/latex/amsfonts/umsa.fd
File: umsa.fd 2013/01/14 v3.01 AMS symbols A
)
LaTeX Font Info:    Try loading font information for U+msb on input line 22.

(/usr/local/texlive/2014/texmf-dist/tex/latex/amsfonts/umsb.fd
File: umsb.fd 2013/01/14 v3.01 AMS symbols B
)
LaTeX Font Info:    Try loading font information for U+wasy on input line 22.

(/usr/local/texlive/2014/texmf-dist/tex/latex/wasysym/uwasy.fd
File: uwasy.fd 2003/10/30 v2.0 Wasy-2 symbol font definitions
)) [1

]
\openout2 = `0_Thanks.aux'.


(./0_Thanks.tex [2



]) [3] (./thesis_master_template.toc [4


] [5])
\tf@toc=\write3
\openout3 = `thesis_master_template.toc'.

 [6]
\openout2 = `1_Introduction.aux'.


(./1_Introduction.tex
Chapter 1.
[1



]

Package Fancyhdr Warning: \headheight is too small (4.51686pt): 
 Make it at least 14.49998pt.
 We now make it that large for the rest of the document.
 This may cause the page layout to be inconsistent, however.

[2] <49CET_SED_Cartoon_StarInsideDisk.png, id=42, 546.3612pt x 419.6478pt>
File: 49CET_SED_Cartoon_StarInsideDisk.png Graphic file (type png)

<use 49CET_SED_Cartoon_StarInsideDisk.png>
Package pdftex.def Info: 49CET_SED_Cartoon_StarInsideDisk.png used on input lin
e 26.
(pdftex.def)             Requested size: 290.88547pt x 223.424pt.
 [3 <./49CET_SED_Cartoon_StarInsideDisk.png>]
LaTeX Font Info:    Calculating math sizes for size <8.39996> on input line 35.



LaTeX Font Warning: Font shape `OT1/cmr/m/n' in size <4.19998> not available
(Font)              size <5> substituted on input line 35.


LaTeX Font Warning: Font shape `OML/cmm/m/it' in size <4.19998> not available
(Font)              size <5> substituted on input line 35.


LaTeX Font Warning: Font shape `OMS/cmsy/m/n' in size <4.19998> not available
(Font)              size <5> substituted on input line 35.


LaTeX Font Warning: Font shape `U/wasy/m/n' in size <4.19998> not available
(Font)              size <5> substituted on input line 35.

[4] [5] [6] [7] [8] [9]) [10]
\openout2 = `2_Observations.aux'.

 (./2_Observations.tex
Chapter 2.
[11



]
Underfull \hbox (badness 10000) in paragraph at lines 15--38
[][]
 []

[12]) [13]
\openout2 = `3_Results.aux'.

 (./3_Results.tex
Chapter 3.
<49CET_CARMA_16x16_1300um.png, id=85, 578.16pt x 433.62pt>
File: 49CET_CARMA_16x16_1300um.png Graphic file (type png)

<use 49CET_CARMA_16x16_1300um.png>
Package pdftex.def Info: 49CET_CARMA_16x16_1300um.png used on input line 10.
(pdftex.def)             Requested size: 415.55249pt x 311.6636pt.
 [14



] [15 <./49CET_CARMA_16x16_1300um.png>]
[16] <49CET_ALMA_square.png, id=98, 826.7688pt x 743.4174pt>
File: 49CET_ALMA_square.png Graphic file (type png)

<use 49CET_ALMA_square.png>
Package pdftex.def Info: 49CET_ALMA_square.png used on input line 35.
(pdftex.def)             Requested size: 415.55249pt x 373.65889pt.
) [17] [18 <./49CET_ALMA_square.png>]
\openout2 = `4_Analysis.aux'.


(./4_Analysis.tex
Chapter 4.
[19



] [20] [21]
<49CET_BurnIn_140x1000_Simplest.png, id=119, 578.16pt x 433.62pt>
File: 49CET_BurnIn_140x1000_Simplest.png Graphic file (type png)

<use 49CET_BurnIn_140x1000_Simplest.png>
Package pdftex.def Info: 49CET_BurnIn_140x1000_Simplest.png used on input line 
40.
(pdftex.def)             Requested size: 415.55249pt x 311.6636pt.

<49CET_140x1000_Triangle_150StepBurnIn.png, id=120, 1286.406pt x 860.7357pt>
File: 49CET_140x1000_Triangle_150StepBurnIn.png Graphic file (type png)

<use 49CET_140x1000_Triangle_150StepBurnIn.png>
Package pdftex.def Info: 49CET_140x1000_Triangle_150StepBurnIn.png used on inpu
t line 47.
(pdftex.def)             Requested size: 415.55249pt x 278.04153pt.
 [22] [23 <./49CET_BurnIn_140x1000_Simplest.png>] [24 <./49CET_140x1000_Triangl
e_150StepBurnIn.png>] [25]
[26] [27] [28]
./4_Analysis.tex:158: Extra alignment tab has been changed to \cr.
<recently read> \endtemplate 
                             
l.158 ...velength ($\mu m$) & Flux (Jy) & Source &
                                                   %\multicolumn{1}{p{2cm}}{...

? 

Overfull \hbox (3.01033pt too wide) in paragraph at lines 156--202
 [] 
 []


LaTeX Warning: Float too large for page by 43.20438pt on input line 206.

[29] [30]
<49CET_Simple_Vis_ModelResidual.png, id=154, 863.8674pt x 434.1018pt>
File: 49CET_Simple_Vis_ModelResidual.png Graphic file (type png)

<use 49CET_Simple_Vis_ModelResidual.png>
Package pdftex.def Info: 49CET_Simple_Vis_ModelResidual.png used on input line 
229.
(pdftex.def)             Requested size: 415.55249pt x 208.82355pt.

<49CET_Simple_Vis_SED_AllData.png, id=155, 655.4889pt x 492.8814pt>
File: 49CET_Simple_Vis_SED_AllData.png Graphic file (type png)

<use 49CET_Simple_Vis_SED_AllData.png>
Package pdftex.def Info: 49CET_Simple_Vis_SED_AllData.png used on input line 23
6.
(pdftex.def)             Requested size: 415.55249pt x 312.47232pt.

<49CET_Simple_ModelResidual.png, id=156, 1543.2054pt x 771.8436pt>
File: 49CET_Simple_ModelResidual.png Graphic file (type png)

<use 49CET_Simple_ModelResidual.png>
Package pdftex.def Info: 49CET_Simple_ModelResidual.png used on input line 269.

(pdftex.def)             Requested size: 415.55249pt x 207.83524pt.
 [31 <./49CET_Simple_Vis_ModelResidual.png>] [32 <./49CET_Simple_Vis_SED_AllDat
a.png>]
<49CET_Simple_SED.png, id=165, 676.4472pt x 504.4446pt>
File: 49CET_Simple_SED.png Graphic file (type png)

<use 49CET_Simple_SED.png>
Package pdftex.def Info: 49CET_Simple_SED.png used on input line 280.
(pdftex.def)             Requested size: 415.55249pt x 309.88905pt.

./4_Analysis.tex:292: Missing { inserted.
<inserted text> 
                {
l.292      $\Delta$R [AU] & 213$\pm$6} &
                                         212 \\
? 
<49CET_nOBAG_ModelResidual.png, id=166, 860.013pt x 434.1018pt>
File: 49CET_nOBAG_ModelResidual.png Graphic file (type png)

<use 49CET_nOBAG_ModelResidual.png>
Package pdftex.def Info: 49CET_nOBAG_ModelResidual.png used on input line 310.
(pdftex.def)             Requested size: 415.55249pt x 209.7575pt.
 [33 <./49CET_Simple_ModelResidual.png>]
[34 <./49CET_Simple_SED.png>]
<49CET_nOBAG_SED.png, id=175, 644.6484pt x 502.9992pt>
File: 49CET_nOBAG_SED.png Graphic file (type png)

<use 49CET_nOBAG_SED.png>
Package pdftex.def Info: 49CET_nOBAG_SED.png used on input line 320.
(pdftex.def)             Requested size: 415.55249pt x 324.25163pt.

<49CET_BonusBeltVIS_ModelResidual.png, id=176, 863.3856pt x 434.1018pt>
File: 49CET_BonusBeltVIS_ModelResidual.png Graphic file (type png)

<use 49CET_BonusBeltVIS_ModelResidual.png>
Package pdftex.def Info: 49CET_BonusBeltVIS_ModelResidual.png used on input lin
e 360.
(pdftex.def)             Requested size: 415.55249pt x 208.93616pt.
 [35 <./49CET_nOBAG_ModelResidual.png>] [36 <./49CET_nOBAG_SED.png>] [37 <./49C
ET_BonusBeltVIS_ModelResidual.png>]
[38] <49CET_BonusBeltSED_ModelResidual.png, id=193, 866.2764pt x 434.1018pt>
File: 49CET_BonusBeltSED_ModelResidual.png Graphic file (type png)

<use 49CET_BonusBeltSED_ModelResidual.png>
Package pdftex.def Info: 49CET_BonusBeltSED_ModelResidual.png used on input lin
e 412.
(pdftex.def)             Requested size: 415.55249pt x 208.24065pt.

<49CET_BonusBeltSED_SED.png, id=194, 742.9356pt x 498.663pt>
File: 49CET_BonusBeltSED_SED.png Graphic file (type png)

<use 49CET_BonusBeltSED_SED.png>
Package pdftex.def Info: 49CET_BonusBeltSED_SED.png used on input line 419.
(pdftex.def)             Requested size: 415.55249pt x 278.9298pt.
 [39 <./49CET_BonusBeltSED_ModelResidual.png>]
[40 <./49CET_BonusBeltSED_SED.png>]
<49CET_bBBAG_ModelResidual.png, id=203, 863.8674pt x 434.1018pt>
File: 49CET_bBBAG_ModelResidual.png Graphic file (type png)

<use 49CET_bBBAG_ModelResidual.png>
Package pdftex.def Info: 49CET_bBBAG_ModelResidual.png used on input line 461.
(pdftex.def)             Requested size: 415.55249pt x 208.82355pt.

./4_Analysis.tex:465: Too many }'s.
\@endfloatbox ...pagefalse \outer@nobreak \egroup 
                                                  \color@endbox 
l.465 \end{table}
                 
? 
./4_Analysis.tex:465: Too many }'s.
\color@endbox ->\egroup 
                        
l.465 \end{table}
                 
? 

./4_Analysis.tex:465: LaTeX Error: \begin{document} ended by \end{table}.

See the LaTeX manual or LaTeX Companion for explanation.
Type  H <return>  for immediate help.
 ...                                              
                                                  
l.465 \end{table}
                 
? 
./4_Analysis.tex:465: Extra \endgroup.
<recently read> \endgroup 
                          
l.465 \end{table}
                 
? 
[41 <./49CET_bBBAG_ModelResidual.png>]
<49CET_bBBAG_SED.png, id=209, 674.2791pt x 527.571pt>
File: 49CET_bBBAG_SED.png Graphic file (type png)

<use 49CET_bBBAG_SED.png>
Package pdftex.def Info: 49CET_bBBAG_SED.png used on input line 472.
(pdftex.def)             Requested size: 415.55249pt x 325.15057pt.
 [42 <./49CET_bBBAG_SED.png>]

LaTeX Warning: Command \textless invalid in math mode on input line 515.

LaTeX Font Info:    Try loading font information for OML+cmr on input line 515.

(/usr/local/texlive/2014/texmf-dist/tex/latex/base/omlcmr.fd
File: omlcmr.fd 1999/05/25 v2.5h Standard LaTeX font definitions
)
LaTeX Font Info:    Font shape `OML/cmr/m/n' in size <12> not available
(Font)              Font shape `OML/cmm/m/it' tried instead on input line 515.


LaTeX Warning: Command \textless invalid in math mode on input line 515.


./4_Analysis.tex:525: Package amsmath Error: Erroneous nesting of equation stru
ctures;
(amsmath)                trying to recover with `aligned'.

See the amsmath package documentation for explanation.
Type  H <return>  for immediate help.
 ...                                              
                                                  
l.525 \end{flalign*}
                    
? 
[43]
./4_Analysis.tex:528: Missing } inserted.
<inserted text> 
                }
l.528 ..., $m_{1} = R_{T}^{j_{1}} - R_{In}^{j_{1}$
                                                  , and $m_{2} = R_{Out}^{j_...

? 
./4_Analysis.tex:528: Missing } inserted.
<inserted text> 
                }
l.528 ... $m_{2} = R_{Out}^{j_{2}} - R_{T}^{j_{2}$
                                                   for readability:
? 
<49CET_DoublePowerVIS_ModelResidual.png, id=218, 863.8674pt x 434.1018pt>
File: 49CET_DoublePowerVIS_ModelResidual.png Graphic file (type png)

<use 49CET_DoublePowerVIS_ModelResidual.png>
Package pdftex.def Info: 49CET_DoublePowerVIS_ModelResidual.png used on input l
ine 540.
(pdftex.def)             Requested size: 415.55249pt x 208.82355pt.

<49CET_DoublePowerSED_ModelResidual.png, id=219, 865.3128pt x 434.1018pt>
File: 49CET_DoublePowerSED_ModelResidual.png Graphic file (type png)

<use 49CET_DoublePowerSED_ModelResidual.png>
Package pdftex.def Info: 49CET_DoublePowerSED_ModelResidual.png used on input l
ine 575.
(pdftex.def)             Requested size: 415.55249pt x 208.47249pt.


Package caption Warning: \label without proper \caption on input line 630.
See the caption package documentation for explanation.


LaTeX Warning: Reference `fig:49CET_DP_SED' on page 44 undefined on input line 
580.

[44] [45 <./49CET_DoublePowerVIS_ModelResidual.png>]
<49CET_DP_SED.png, id=227, 673.5564pt x 509.5035pt>
File: 49CET_DP_SED.png Graphic file (type png)
 <use 49CET_DP_SED.png>
Package pdftex.def Info: 49CET_DP_SED.png used on input line 585.
(pdftex.def)             Requested size: 415.55249pt x 314.34956pt.

<49CET_dPBAG_ModelResidual.png, id=228, 863.8674pt x 434.1018pt>
File: 49CET_dPBAG_ModelResidual.png Graphic file (type png)

<use 49CET_dPBAG_ModelResidual.png>
Package pdftex.def Info: 49CET_dPBAG_ModelResidual.png used on input line 620.
(pdftex.def)             Requested size: 415.55249pt x 208.82355pt.
 [46 <./49CET_DoublePowerSED_ModelResidual.png>] [47 <./49CET_DP_SED.png>]
<49CET_dPBAG_SED2.png, id=238, 667.0521pt x 507.3354pt>
File: 49CET_dPBAG_SED2.png Graphic file (type png)

<use 49CET_dPBAG_SED2.png>
Package pdftex.def Info: 49CET_dPBAG_SED2.png used on input line 632.
(pdftex.def)             Requested size: 415.55249pt x 316.06198pt.
 [48 <./49CET_dPBAG_ModelResidual.png>] [49 <./49CET_dPBAG_SED2.png>]
<49CET_bestModelDeprojections_data_greenDP_blackPL.png, id=247, 693.59125pt x 8
72.25874pt>
File: 49CET_bestModelDeprojections_data_greenDP_blackPL.png Graphic file (type 
png)
 <use 49CET_bestModelDeprojections_data_greenDP_blackPL.png>
Package pdftex.def Info: 49CET_bestModelDeprojections_data_greenDP_blackPL.png 
used on input line 672.
(pdftex.def)             Requested size: 415.55249pt x 522.61394pt.

[50] [51 <./49CET_bestModelDeprojections_data_greenDP_blackPL.png>]
./4_Analysis.tex:722: Missing delimiter (. inserted).
<to be read again> 
                   +
l.722 ...xt{a}}-\chi^{2}_{min,\text{b}}}{2}\bigg +
                                                   k_{a} - k_{b}\bigg)
? 
./4_Analysis.tex:744: Missing $ inserted.
<inserted text> 
                $
l.744 ...nts. If $\Delta$BIC (ie. BIC$_{a}$ - BIC_
                                                  {b}$) between two models i...

? 
[52]
./4_Analysis.tex:755: Missing $ inserted.
<inserted text> 
                $
l.755  $\chi^{2}_{Vis}+$\chi
                            ^{2}_{SED}$ & 141322.080 & 141307.250 & 141310.8...

? 
./4_Analysis.tex:761: Missing $ inserted.
<inserted text> 
                $
l.761 ...e calculated with Equation \ref{eq:BIC}.}
                                                  
? 
./4_Analysis.tex:761: Missing $ inserted.
<inserted text> 
                $
l.761 ...e calculated with Equation \ref{eq:BIC}.}
                                                  
? 
[53] <49CET_SDD2_withShaded_oldPerson.png, id=261, 726.0726pt x 463.4916pt>
File: 49CET_SDD2_withShaded_oldPerson.png Graphic file (type png)

<use 49CET_SDD2_withShaded_oldPerson.png>
Package pdftex.def Info: 49CET_SDD2_withShaded_oldPerson.png used on input line
 779.
(pdftex.def)             Requested size: 415.55249pt x 265.26793pt.

<49CET_IRS_Window.png, id=262, 749.4399pt x 556.479pt>
File: 49CET_IRS_Window.png Graphic file (type png)

<use 49CET_IRS_Window.png>
Package pdftex.def Info: 49CET_IRS_Window.png used on input line 815.
(pdftex.def)             Requested size: 415.55249pt x 308.5523pt.
 [54 <./49CET_SDD2_withShaded_oldPerson.png>]
[55 <./49CET_IRS_Window.png>]) [56]
\openout2 = `5_Discussion.aux'.

 (./5_Discussion.tex
Chapter 5.

Overfull \hbox (5.80942pt too wide) in paragraph at lines 4--4
 |[]\OT1/cmr/bx/n/17.28 Dust Disk Char-ac-ter-is-tics and Stir-ring Mech-
 []

[57



]

LaTeX Font Warning: Font shape `OT1/cmr/m/it' in size <4.19998> not available
(Font)              size <5> substituted on input line 15.

[58] [59] <49CET_stirPlot_Good_newaxes3.png, id=284, 1078.2684pt x 706.8006pt>
File: 49CET_stirPlot_Good_newaxes3.png Graphic file (type png)

<use 49CET_stirPlot_Good_newaxes3.png>
Package pdftex.def Info: 49CET_stirPlot_Good_newaxes3.png used on input line 66
.
(pdftex.def)             Requested size: 664.88652pt x 435.82837pt.
 [60] [61 <./49CET_stirPlot_Good_newaxes3.png>] [62] [63] [64] [65]
<49CET_CO_plots_sideby.png, id=306, 938.5464pt x 854.7132pt>
File: 49CET_CO_plots_sideby.png Graphic file (type png)

<use 49CET_CO_plots_sideby.png>
Package pdftex.def Info: 49CET_CO_plots_sideby.png used on input line 167.
(pdftex.def)             Requested size: 415.5538pt x 378.43555pt.
 [66] [67 <./49CET_CO_plots_sideby.png>]
[68] [69]
./5_Discussion.tex:200: Missing $ inserted.
<inserted text> 
                $
l.200 ... ratio of 100 is less than 2 $\times$ 10^
                                                  {4} years. As with $\beta$...

? 
./5_Discussion.tex:200: Missing $ inserted.
<inserted text> 
                $
l.200 ...n 2 $\times$ 10^{4} years. As with $\beta
                                                  $ Pic, HD 21997's disk is ...

? 
[70] [71] [72] [73]
<49CET_DustDistributionCartoon2_ForThesis.png, id=333, 738.5994pt x 291.0072pt>
File: 49CET_DustDistributionCartoon2_ForThesis.png Graphic file (type png)
<use 49CET_DustDistributionCartoon2_ForThesis.png>
Package pdftex.def Info: 49CET_DustDistributionCartoon2_ForThesis.png used on i
nput line 226.
(pdftex.def)             Requested size: 415.55249pt x 163.72667pt.
 [74 <./49CET_DustDistributionCartoon2_ForThesis.png>]) [75]
\openout2 = `6_Conclusions.aux'.

 (./6_Conclusions.tex
Chapter 6.
[76



] [77]) [78] (./thesis_master_template.bbl [79


] [80] [81]
./thesis_master_template.bbl:189: Missing $ inserted.
<inserted text> 
                $
l.189 ...HD Stars. Volume 4, Declinations -26{\deg
                                                  }.0 to
? 
./thesis_master_template.bbl:189: Extra }, or forgotten $.
<recently read> }
                 
l.189 ...D Stars. Volume 4, Declinations -26{\deg}
                                                  .0 to
? 
./thesis_master_template.bbl:190: Extra }, or forgotten $.
l.190   -12{\deg}.0.}
                     
? 
./thesis_master_template.bbl:191: Missing $ inserted.
<inserted text> 
                $
l.191 
      
? 
./thesis_master_template.bbl:191: Missing } inserted.
<inserted text> 
                }
l.191 
      
? 
[82] [83] [84] [85] [86]
./thesis_master_template.bbl:508: Missing } inserted.
<inserted text> 
                }
l.508 \end{thebibliography}
                           
? 
) [87] (./thesis_master_template.aux (./0_Epigraph.aux) (./0_Thanks.aux)
(./1_Introduction.aux) (./2_Observations.aux) (./3_Results.aux)
(./4_Analysis.aux) (./5_Discussion.aux) (./6_Conclusions.aux))

LaTeX Font Warning: Size substitutions with differences
(Font)              up to 2.90001pt have occurred.


LaTeX Warning: There were undefined references.


LaTeX Warning: There were multiply-defined labels.

 ) 
Here is how much of TeX's memory you used:
 12295 strings out of 493117
 220147 string characters out of 6135433
 285567 words of memory out of 5000000
 15503 multiletter control sequences out of 15000+600000
 21513 words of font info for 86 fonts, out of 8000000 for 9000
 1141 hyphenation exceptions out of 8191
 42i,13n,44p,10433b,542s stack positions out of 5000i,500n,10000p,200000b,80000s
</usr/local/texlive/2014/texmf-dist/fonts/type1/public/amsfonts/cm/cmbx10.pfb
></usr/local/texlive/2014/texmf-dist/fonts/type1/public/amsfonts/cm/cmbx12.pfb>
</usr/local/texlive/2014/texmf-dist/fonts/type1/public/amsfonts/cm/cmcsc10.pfb>
</usr/local/texlive/2014/texmf-dist/fonts/type1/public/amsfonts/cm/cmex10.pfb><
/usr/local/texlive/2014/texmf-dist/fonts/type1/public/amsfonts/cm/cmmi10.pfb></
usr/local/texlive/2014/texmf-dist/fonts/type1/public/amsfonts/cm/cmmi12.pfb></u
sr/local/texlive/2014/texmf-dist/fonts/type1/public/amsfonts/cm/cmmi6.pfb></usr
/local/texlive/2014/texmf-dist/fonts/type1/public/amsfonts/cm/cmmi8.pfb></usr/l
ocal/texlive/2014/texmf-dist/fonts/type1/public/amsfonts/cm/cmr10.pfb></usr/loc
al/texlive/2014/texmf-dist/fonts/type1/public/amsfonts/cm/cmr12.pfb></usr/local
/texlive/2014/texmf-dist/fonts/type1/public/amsfonts/cm/cmr5.pfb></usr/local/te
xlive/2014/texmf-dist/fonts/type1/public/amsfonts/cm/cmr6.pfb></usr/local/texli
ve/2014/texmf-dist/fonts/type1/public/amsfonts/cm/cmr8.pfb></usr/local/texlive/
2014/texmf-dist/fonts/type1/public/amsfonts/cm/cmsy10.pfb></usr/local/texlive/2
014/texmf-dist/fonts/type1/public/amsfonts/cm/cmsy6.pfb></usr/local/texlive/201
4/texmf-dist/fonts/type1/public/amsfonts/cm/cmsy8.pfb></usr/local/texlive/2014/
texmf-dist/fonts/type1/public/amsfonts/cm/cmti12.pfb></usr/local/texlive/2014/t
exmf-dist/fonts/type1/public/amsfonts/cm/cmtt10.pfb></usr/local/texlive/2014/te
xmf-dist/fonts/type1/public/amsfonts/cm/cmtt12.pfb></usr/local/texlive/2014/tex
mf-dist/fonts/type1/public/amsfonts/symbols/msam10.pfb></usr/local/texlive/2014
/texmf-dist/fonts/type1/public/amsfonts/symbols/msam5.pfb>
Output written on thesis_master_template.pdf (95 pages, 6448152 bytes).
PDF statistics:
 449 PDF objects out of 1000 (max. 8388607)
 275 compressed objects within 3 object streams
 0 named destinations out of 1000 (max. 500000)
 136 words of extra memory for PDF output out of 10000 (max. 10000000)

